<?xml version="1.0" encoding="UTF-8"?>
<testng-results ignored="0" total="2" passed="2" failed="0" skipped="0">
  <reporter-output>
  </reporter-output>
  <suite started-at="2020-02-03T10:13:24 IST" name="Default suite" finished-at="2020-02-03T10:14:47 IST" duration-ms="83110">
    <groups>
    </groups>
    <test started-at="2020-02-03T10:13:24 IST" name="Default test" finished-at="2020-02-03T10:14:47 IST" duration-ms="83110">
      <class name="pages.NewTest">
        <test-method is-config="true" signature="launchUrl()[pri:0, instance:pages.NewTest@7c83dc97]" started-at="2020-02-03T10:13:24 IST" name="launchUrl" finished-at="2020-02-03T10:14:04 IST" duration-ms="39421" status="PASS">
          <reporter-output>
          </reporter-output>
        </test-method> <!-- launchUrl -->
        <test-method signature="f()[pri:0, instance:pages.NewTest@7c83dc97]" started-at="2020-02-03T10:14:04 IST" name="f" finished-at="2020-02-03T10:14:23 IST" duration-ms="19717" status="PASS">
          <reporter-output>
          </reporter-output>
        </test-method> <!-- f -->
        <test-method is-config="true" signature="launchUrl()[pri:0, instance:pages.NewTest@7c83dc97]" started-at="2020-02-03T10:14:23 IST" name="launchUrl" finished-at="2020-02-03T10:14:44 IST" duration-ms="20086" status="PASS">
          <reporter-output>
          </reporter-output>
        </test-method> <!-- launchUrl -->
        <test-method signature="f1()[pri:0, instance:pages.NewTest@7c83dc97]" started-at="2020-02-03T10:14:44 IST" name="f1" finished-at="2020-02-03T10:14:47 IST" duration-ms="3782" status="PASS">
          <reporter-output>
          </reporter-output>
        </test-method> <!-- f1 -->
      </class> <!-- pages.NewTest -->
    </test> <!-- Default test -->
  </suite> <!-- Default suite -->
</testng-results>
